Update: Thu Sep 25 07:46:18 UTC 2025
Update: Thu Sep 25 07:47:42 UTC 2025
Update: Thu Sep 25 12:30:51 UTC 2025
Update: Thu Sep 25 18:21:21 UTC 2025
Update: Fri Sep 26 01:06:13 UTC 2025
Update: Fri Sep 26 06:21:14 UTC 2025
Update: Fri Sep 26 11:29:49 UTC 2025
Update: Fri Sep 26 11:34:49 UTC 2025
Update: Fri Sep 26 12:28:43 UTC 2025
Update: Fri Sep 26 12:29:38 UTC 2025
Update: Fri Sep 26 18:18:51 UTC 2025
Update: Sat Sep 27 00:30:11 UTC 2025
Update: Sat Sep 27 00:30:51 UTC 2025
Update: Sat Sep 27 00:32:07 UTC 2025
Update: Sat Sep 27 00:32:14 UTC 2025
Update: Sat Sep 27 00:32:37 UTC 2025
Update: Sat Sep 27 01:03:26 UTC 2025
Update: Sat Sep 27 06:18:38 UTC 2025
Update: Sat Sep 27 07:18:05 UTC 2025
Update: Sat Sep 27 07:18:42 UTC 2025
Update: Sat Sep 27 12:25:24 UTC 2025
Update: Sat Sep 27 18:18:11 UTC 2025
Update: Sun Sep 28 01:12:54 UTC 2025
Update: Sun Sep 28 06:19:37 UTC 2025
Update: Sun Sep 28 08:25:51 UTC 2025
Update: Sun Sep 28 08:32:23 UTC 2025
Update: Sun Sep 28 08:33:11 UTC 2025
Update: Sun Sep 28 08:52:34 UTC 2025
Update: Sun Sep 28 08:53:02 UTC 2025
Update: Sun Sep 28 12:26:00 UTC 2025
Update: Sun Sep 28 18:17:43 UTC 2025
Update: Mon Sep 29 01:07:57 UTC 2025
Update: Mon Sep 29 05:49:29 UTC 2025
Update: Mon Sep 29 06:23:23 UTC 2025
Update: Mon Sep 29 12:30:15 UTC 2025
Update: Mon Sep 29 18:21:14 UTC 2025
Update: Tue Sep 30 01:07:20 UTC 2025
Update: Tue Sep 30 06:22:09 UTC 2025
Update: Tue Sep 30 12:30:42 UTC 2025
Update: Tue Sep 30 18:19:50 UTC 2025
Update: Wed Oct  1 01:14:19 UTC 2025
Update: Wed Oct  1 06:21:57 UTC 2025
Update: Wed Oct  1 12:31:27 UTC 2025
Update: Wed Oct  1 18:20:22 UTC 2025
Update: Thu Oct  2 01:04:49 UTC 2025
Update: Thu Oct  2 06:21:38 UTC 2025
Update: Thu Oct  2 12:28:06 UTC 2025
Update: Thu Oct  2 18:20:11 UTC 2025
Update: Fri Oct  3 01:04:47 UTC 2025
Update: Fri Oct  3 06:20:54 UTC 2025
Update: Fri Oct  3 12:28:45 UTC 2025
Update: Fri Oct  3 18:19:52 UTC 2025
Update: Sat Oct  4 01:02:05 UTC 2025
Update: Sat Oct  4 06:18:51 UTC 2025
Update: Sat Oct  4 12:25:16 UTC 2025
Update: Sat Oct  4 18:17:52 UTC 2025
Update: Sun Oct  5 01:11:53 UTC 2025
